
2023-02-17 14:57:45.792927
send_some_ms
10071389
Привет, найти тебе подружку?
None
2023-02-17 15:00:38.364344
send_some_ms
10071389
Привет, найти тебе подружку?
None
2023-02-17 15:09:10.371522
send_some_ms
10071389
Привет, найти тебе подружку?
None
2023-02-17 15:09:51.065292
send_some_ms
10071389
Привет, найти тебе подружку?
d
None
2023-02-17 15:10:54.904606
send_some_ms
10071389
Привет, найти тебе подружку?
g
None
2023-02-17 15:12:53.967104
send_some_ms
10071389
Привет, найти тебе подружку?
жаба
None
2023-02-17 15:16:37.633460
send_some_ms
6841683
Привет, найти тебе подружку?
мау
2023-02-17 15:17:09.845899
send_some_ms
6841683
Привет, найти тебе подружку?
ага
2023-02-17 15:17:13.347344
send_some_ms
6841683
Привет, найти тебе подружку?
ага
Время сообщения - 2023-02-17 16:39:03.317222
 имя функцииsend_some_ms
10071389
Хочешь найду для тебя идеальную пару?
<vk_api.keyboard.VkKeyboard object at 0x000002364901A680>
Время сообщения - 2023-02-17 16:42:49.778751
 имя функцииsend_some_ms
10071389
Хочешь найду для тебя идеальную пару?
<vk_api.keyboard.VkKeyboard object at 0x000002A330337000>
Время сообщения - 2023-02-17 16:43:43.986180
 имя функцииsend_some_ms
10071389
Хочешь найду для тебя идеальную пару?
<vk_api.keyboard.VkKeyboard object at 0x000001BF95564C40>
Время сообщения - 2023-02-17 16:45:19.081627
 имя функцииsend_some_ms
10071389
Хочешь найду для тебя идеальную пару?
<vk_api.keyboard.VkKeyboard object at 0x00000235E9B09D40>
Время сообщения - 2023-02-17 16:48:01.575004
 имя функцииsend_some_ms
10071389
Хочешь найду для тебя идеальную пару?
<vk_api.keyboard.VkKeyboard object at 0x000002350C7A6CC0>
Время сообщения - 2023-02-17 16:50:37.716656
 имя функцииsend_some_ms
10071389
Хочешь найду для тебя идеальную пару?
<vk_api.keyboard.VkKeyboard object at 0x0000014FA0C66CC0>
Время сообщения - 2023-02-17 16:54:39.849616
 имя функцииsend_some_ms
10071389
Хочешь найду для тебя идеальную пару?
<vk_api.keyboard.VkKeyboard object at 0x000001C6A4906CC0>
Время сообщения - 2023-02-17 16:55:47.904619
 имя функцииsend_some_ms
10071389
Хочешь найду для тебя идеальную пару?
<vk_api.keyboard.VkKeyboard object at 0x000001EE1D727CC0>
Время сообщения - 2023-02-17 16:56:23.102371
 имя функцииsend_some_ms
10071389
Хочешь найду для тебя идеальную пару?
<vk_api.keyboard.VkKeyboard object at 0x0000029209BBB7C0>
Время сообщения - 2023-02-17 16:57:50.541265
 имя функцииsend_some_ms
10071389
Хочешь найду для тебя идеальную пару?
<vk_api.keyboard.VkKeyboard object at 0x000001EB99170C80>
Время сообщения - 2023-02-17 16:58:30.289170
 имя функцииsend_some_ms
10071389
Хочешь найду для тебя идеальную пару?
<vk_api.keyboard.VkKeyboard object at 0x000001EB99647A80>
Время сообщения - 2023-02-17 16:58:51.855120
 имя функцииsend_some_ms
10071389
Хочешь найду для тебя идеальную пару?
<vk_api.keyboard.VkKeyboard object at 0x000001EB970EE980>
Время сообщения - 2023-02-17 16:58:53.579083
 имя функцииsend_some_ms
10071389
Хочешь найду для тебя идеальную пару?
<vk_api.keyboard.VkKeyboard object at 0x000001EB98FC6540>
Время сообщения - 2023-02-17 17:04:24.651686
 имя функцииsend_some_ms
10071389
Хочешь найду для тебя идеальную пару?
<vk_api.keyboard.VkKeyboard object at 0x0000026938696CC0>
Время сообщения - 2023-02-17 17:04:27.598303
 имя функцииsend_some_ms
10071389
Хочешь найду для тебя идеальную пару?
<vk_api.keyboard.VkKeyboard object at 0x000002693A9B2280>
Время сообщения - 2023-02-17 17:07:55.378498
 имя функцииsend_some_ms
10071389
Хочешь найду для тебя идеальную пару?
<vk_api.keyboard.VkKeyboard object at 0x000002693A837240>
Время сообщения - 2023-02-17 17:08:17.083765
 имя функцииsend_some_ms
10071389
Хочешь найду для тебя идеальную пару?
<vk_api.keyboard.VkKeyboard object at 0x000002C2AA221F00>
Время сообщения - 2023-02-17 17:08:19.095229
 имя функцииsend_some_ms
10071389
Хочешь найду для тебя идеальную пару?
<vk_api.keyboard.VkKeyboard object at 0x000002C2AC9E3280>
Время сообщения - 2023-02-17 17:08:56.313022
 имя функцииsend_some_ms
10071389
Хочешь найду для тебя идеальную пару?
<vk_api.keyboard.VkKeyboard object at 0x000002C2AC9E1F00>
Время сообщения - 2023-02-17 17:11:44.192746
 имя функцииsend_some_ms
10071389
Хочешь найду для тебя идеальную пару?
<vk_api.keyboard.VkKeyboard object at 0x0000025CECD6E980>
Время сообщения - 2023-02-17 17:11:47.437926
 имя функцииsend_some_ms
10071389
Хочешь найду для тебя идеальную пару?
<vk_api.keyboard.VkKeyboard object at 0x0000025CEF452480>
Время сообщения - 2023-02-17 17:11:49.461872
 имя функцииsend_some_ms
10071389
Хочешь найду для тебя идеальную пару?
<vk_api.keyboard.VkKeyboard object at 0x0000025CECD6E980>
Время сообщения - 2023-02-18 12:44:37.015405
 имя функцииsend_some_ms
10071389
Хочешь найду для тебя идеальную пару?
<vk_api.keyboard.VkKeyboard object at 0x000001BC3366E980>
Время сообщения - 2023-02-18 12:46:03.641685
 имя функцииsend_some_ms
10071389
Хочешь найду для тебя идеальную пару?
<vk_api.keyboard.VkKeyboard object at 0x000001F3830E9EC0>
Время сообщения - 2023-02-18 12:46:23.758529
 имя функцииsend_some_ms
10071389
Хочешь найду для тебя идеальную пару?
<vk_api.keyboard.VkKeyboard object at 0x000001F383377100>
Время сообщения - 2023-02-18 12:48:38.988162
 имя функцииsend_some_ms
10071389
Хочешь найду для тебя идеальную пару?
<vk_api.keyboard.VkKeyboard object at 0x0000027BEEE96A80>
Время сообщения - 2023-02-18 12:48:40.625922
 имя функцииsend_some_ms
10071389
Хочешь найду для тебя идеальную пару?
<vk_api.keyboard.VkKeyboard object at 0x0000027BF0FDBAC0>
Время сообщения - 2023-02-18 12:49:31.179618
 имя функцииsend_some_ms
10071389
Хочешь найду для тебя идеальную пару?
<vk_api.keyboard.VkKeyboard object at 0x0000021F3643A900>
Время сообщения - 2023-02-18 12:49:34.065673
 имя функцииsend_some_ms
10071389
Хочешь найду для тебя идеальную пару?
<vk_api.keyboard.VkKeyboard object at 0x0000021F38318DC0>
Время сообщения - 2023-02-18 13:00:18.425989
 имя функцииsend_some_ms
10071389
Хочешь найду для тебя идеальную пару?
<vk_api.keyboard.VkKeyboard object at 0x0000024F74A12480>
Время сообщения - 2023-02-18 13:00:21.243928
 имя функцииsend_some_ms
10071389
Хочешь найду для тебя идеальную пару?
<vk_api.keyboard.VkKeyboard object at 0x0000024F74497000>
Время сообщения - 2023-02-18 13:01:05.858601
 имя функцииsend_some_ms
10071389
Хочешь найду для тебя идеальную пару?
<vk_api.keyboard.VkKeyboard object at 0x0000017C42B33280>
Время сообщения - 2023-02-18 13:01:10.014733
 имя функцииsend_some_ms
10071389
Хочешь найду для тебя идеальную пару?
<vk_api.keyboard.VkKeyboard object at 0x0000017C402C1F00>
Время сообщения - 2023-02-18 13:09:46.397985
 имя функцииsend_some_ms
10071389
Хочешь найду для тебя идеальную пару?
<vk_api.keyboard.VkKeyboard object at 0x0000021F5BEA7200>
Время сообщения - 2023-02-18 13:10:42.030180
 имя функцииsend_some_ms
10071389
Хочешь найду для тебя идеальную пару?
<vk_api.keyboard.VkKeyboard object at 0x000001CC40D70280>
Время сообщения - 2023-02-18 13:10:45.889364
 имя функцииsend_some_ms
10071389
Хочешь найду для тебя идеальную пару?
<vk_api.keyboard.VkKeyboard object at 0x000001CC41582500>
Время сообщения - 2023-02-18 13:17:28.438434
 имя функцииsend_some_ms
10071389
Хочешь найду для тебя идеальную пару?
<vk_api.keyboard.VkKeyboard object at 0x0000017D3D51A240>
Время сообщения - 2023-02-18 13:17:30.764298
 имя функцииsend_some_ms
10071389
Хочешь найду для тебя идеальную пару?
<vk_api.keyboard.VkKeyboard object at 0x0000017D3FB02340>
Время сообщения - 2023-02-18 13:19:22.276470
 имя функцииsend_some_ms
10071389
Хочешь найду для тебя идеальную пару?
<vk_api.keyboard.VkKeyboard object at 0x000001BFC08A2300>
Время сообщения - 2023-02-18 13:19:47.336984
 имя функцииsend_some_ms
10071389
Хочешь найду для тебя идеальную пару?
<vk_api.keyboard.VkKeyboard object at 0x000002B8A0AEB4C0>
Время сообщения - 2023-02-18 13:19:48.748693
 имя функцииsend_some_ms
10071389
Вот подходящие пары для тебя
<vk_api.keyboard.VkKeyboard object at 0x000002B8A2C90B40>
Время сообщения - 2023-02-18 13:19:51.504693
 имя функцииsend_some_ms
10071389
Приходи когда будешь готов
<vk_api.keyboard.VkKeyboard object at 0x000002B8A32E2300>
Время сообщения - 2023-02-18 13:20:17.596911
 имя функцииsend_some_ms
10071389
Хочешь найду для тебя идеальную пару?
<vk_api.keyboard.VkKeyboard object at 0x000002B8A2D67440>
Время сообщения - 2023-02-18 13:20:20.063437
 имя функцииsend_some_ms
10071389
Вот подходящие пары для тебя
<vk_api.keyboard.VkKeyboard object at 0x000002B8A0AEB4C0>
Время сообщения - 2023-02-18 13:24:13.628271
 имя функцииsend_some_ms
10071389
Хочешь найду для тебя идеальную пару?
<vk_api.keyboard.VkKeyboard object at 0x000002EB54A00500>
Время сообщения - 2023-02-18 13:24:17.452702
 имя функцииsend_some_ms
10071389
Вот подходящие пары для тебя
<vk_api.keyboard.VkKeyboard object at 0x000002EB54D47D00>
Время сообщения - 2023-02-18 13:24:20.364228
 имя функцииsend_some_ms
10071389
Приходи когда будешь готов
<vk_api.keyboard.VkKeyboard object at 0x000002EB52AA5F00>
Время сообщения - 2023-02-18 13:26:45.566461
 имя функцииsend_some_ms
10071389
Хочешь найду для тебя идеальную пару?
<vk_api.keyboard.VkKeyboard object at 0x00000239A5E52240>
Время сообщения - 2023-02-18 13:27:00.429382
 имя функцииsend_some_ms
10071389
Хочешь найду для тебя идеальную пару?
<vk_api.keyboard.VkKeyboard object at 0x000001C189EEB4C0>
Время сообщения - 2023-02-18 13:27:16.926062
 имя функцииsend_some_ms
10071389
Хочешь найду для тебя идеальную пару?
<vk_api.keyboard.VkKeyboard object at 0x0000016E43D2C640>
Время сообщения - 2023-02-18 13:27:20.473027
 имя функцииsend_some_ms
10071389
Вот подходящие пары для тебя
<vk_api.keyboard.VkKeyboard object at 0x0000016E4173A840>
Время сообщения - 2023-02-18 13:28:38.365133
 имя функцииsend_some_ms
10071389
Хочешь найду для тебя идеальную пару?
<vk_api.keyboard.VkKeyboard object at 0x00000288CA89A1C0>
Время сообщения - 2023-02-18 13:29:30.426532
 имя функцииsend_some_ms
10071389
Хочешь найду для тебя идеальную пару?
<vk_api.keyboard.VkKeyboard object at 0x0000017916748780>
Время сообщения - 2023-02-18 13:29:34.865728
 имя функцииsend_some_ms
10071389
Хочешь найду для тебя идеальную пару?
<vk_api.keyboard.VkKeyboard object at 0x0000017916261F00>
Время сообщения - 2023-02-18 13:29:48.454002
 имя функцииsend_some_ms
10071389
Хочешь найду для тебя идеальную пару?
<vk_api.keyboard.VkKeyboard object at 0x000002BDFCC42140>
Время сообщения - 2023-02-18 13:29:51.727713
 имя функцииsend_some_ms
10071389
Вот подходящие пары для тебя
<vk_api.keyboard.VkKeyboard object at 0x000002BDFCC42340>
Время сообщения - 2023-02-18 13:29:53.970025
 имя функцииsend_some_ms
10071389
Приходи когда будешь готов
<vk_api.keyboard.VkKeyboard object at 0x000002BDFA39B840>
Время сообщения - 2023-02-18 13:31:41.120058
 имя функцииsend_some_ms
10071389
Хочешь найду для тебя идеальную пару?
<vk_api.keyboard.VkKeyboard object at 0x00000167E3D32300>
Время сообщения - 2023-02-18 13:31:45.617834
 имя функцииsend_some_ms
10071389
Вот подходящие пары для тебя
<vk_api.keyboard.VkKeyboard object at 0x00000167E36E0B40>
